com.androidthermostat.server/comandroidthermostatserver/build/outputs/logs/manifest-merger-release-report.txt
-- Merging decision tree log ---
manifest
ADDED from src/main/AndroidManifest.xml:1:1-43:12
	package
		ADDED from src/main/AndroidManifest.xml:2:5-43
		INJECTED from src/main/AndroidManifest.xml
		INJECTED from src/main/AndroidManifest.xml
	android:versionName
		ADDED from src/main/AndroidManifest.xml:4:5-31
		INJECTED from src/main/AndroidManifest.xml
		INJECTED from src/main/AndroidManifest.xml
	android:versionCode
		ADDED from src/main/AndroidManifest.xml:3:5-28
		INJECTED from src/main/AndroidManifest.xml
		INJECTED from src/main/AndroidManifest.xml
	xmlns:android
		ADDED from src/main/AndroidManifest.xml:1:11-69
uses-sdk
ADDED from src/main/AndroidManifest.xml:5:5-74
	android:targetSdkVersion
		ADDED from src/main/AndroidManifest.xml:5:42-71
		INJECTED from src/main/AndroidManifest.xml
		INJECTED from src/main/AndroidManifest.xml
	android:minSdkVersion
		ADDED from src/main/AndroidManifest.xml:5:15-41
		INJECTED from src/main/AndroidManifest.xml
		INJECTED from src/main/AndroidManifest.xml
uses-permission#android.permission.INTERNET
ADDED from src/main/AndroidManifest.xml:6:2-64
MERGED from [com.androidthermostat.server:iOIOLibAndroid:unspecified] AndroidManifest.xml:7:5-67
	android:name
		ADDED from src/main/AndroidManifest.xml:6:19-61
uses-permission#android.permission.ACCESS_WIFI_STATE
ADDED from src/main/AndroidManifest.xml:7:2-73
	android:name
		ADDED from src/main/AndroidManifest.xml:7:19-70
uses-permission#android.permission.CHANGE_WIFI_MULTICAST_STATE
ADDED from src/main/AndroidManifest.xml:8:2-83
	android:name
		ADDED from src/main/AndroidManifest.xml:8:19-80
uses-permission#android.permission.BLUETOOTH
ADDED from src/main/AndroidManifest.xml:9:2-65
	android:name
		ADDED from src/main/AndroidManifest.xml:9:19-62
uses-permission#android.permission.RECEIVE_BOOT_COMPLETED
ADDED from src/main/AndroidManifest.xml:10:2-77
	android:name
		ADDED from src/main/AndroidManifest.xml:10:19-75
application
ADDED from src/main/AndroidManifest.xml:12:5-41:19
	android:label
		ADDED from src/main/AndroidManifest.xml:12:18-50
	android:icon
		ADDED from src/main/AndroidManifest.xml:12:51-87
	android:theme
		ADDED from src/main/AndroidManifest.xml:12:88-119
uses-library#com.android.future.usb.accessory
ADDED from src/main/AndroidManifest.xml:13:9-98
	android:required
		ADDED from src/main/AndroidManifest.xml:13:71-95
	android:name
		ADDED from src/main/AndroidManifest.xml:13:23-70
service#com.androidthermostat.server.IOIOServiceHelper
ADDED from src/main/AndroidManifest.xml:15:9-53
	android:name
		ADDED from src/main/AndroidManifest.xml:15:18-50
service#com.androidthermostat.server.MainService
ADDED from src/main/AndroidManifest.xml:16:9-47
	android:name
		ADDED from src/main/AndroidManifest.xml:16:18-44
activity#com.androidthermostat.server.MainActivity
ADDED from src/main/AndroidManifest.xml:18:9-32:20
	android:screenOrientation
		ADDED from src/main/AndroidManifest.xml:18:79-116
	android:launchMode
		ADDED from src/main/AndroidManifest.xml:18:47-78
	android:theme
		ADDED from src/main/AndroidManifest.xml:18:117-164
	android:name
		ADDED from src/main/AndroidManifest.xml:18:19-46
intent-filter#android.intent.action.MAIN+android.intent.category.LAUNCHER
ADDED from src/main/AndroidManifest.xml:19:13-22:29
action#android.intent.action.MAIN
ADDED from src/main/AndroidManifest.xml:20:17-69
	android:name
		ADDED from src/main/AndroidManifest.xml:20:25-66
category#android.intent.category.LAUNCHER
ADDED from src/main/AndroidManifest.xml:21:17-77
	android:name
		ADDED from src/main/AndroidManifest.xml:21:27-74
intent-filter#android.hardware.usb.action.USB_ACCESSORY_ATTACHED
ADDED from src/main/AndroidManifest.xml:23:13-25:29
action#android.hardware.usb.action.USB_ACCESSORY_ATTACHED
ADDED from src/main/AndroidManifest.xml:24:17-93
	android:name
		ADDED from src/main/AndroidManifest.xml:24:25-90
meta-data#android.hardware.usb.action.USB_ACCESSORY_ATTACHED
ADDED from src/main/AndroidManifest.xml:26:13-27:60
	android:resource
		ADDED from src/main/AndroidManifest.xml:27:17-57
	android:name
		ADDED from src/main/AndroidManifest.xml:26:24-89
receiver#com.androidthermostat.server.BootReceiverHandler
ADDED from src/main/AndroidManifest.xml:35:9-39:14
	android:enabled
		ADDED from src/main/AndroidManifest.xml:35:83-105
	android:label
		ADDED from src/main/AndroidManifest.xml:35:130-165
	android:exported
		ADDED from src/main/AndroidManifest.xml:35:106-129
	android:permission
		ADDED from src/main/AndroidManifest.xml:35:166-228
	android:name
		ADDED from src/main/AndroidManifest.xml:35:19-82
intent-filter#android.intent.action.BOOT_COMPLETED
ADDED from src/main/AndroidManifest.xml:36:7-38:23
action#android.intent.action.BOOT_COMPLETED
ADDED from src/main/AndroidManifest.xml:37:11-73
	android:name
		ADDED from src/main/AndroidManifest.xml:37:19-70
uses-feature#android.hardware.usb.accessory
ADDED from [com.androidthermostat.server:iOIOLibAccessory:unspecified] AndroidManifest.xml:7:5-9:36
	android:required
		ADDED from [com.androidthermostat.server:iOIOLibAccessory:unspecified] AndroidManifest.xml:9:9-33
	android:name
		ADDED from [com.androidthermostat.server:iOIOLibAccessory:unspecified] AndroidManifest.xml:8:9-54
android:uses-permission#android.permission.WRITE_EXTERNAL_STORAGE
IMPLIED from src/main/AndroidManifest.xml:1:1-43:12 reason: ioio.lib.accessory has a targetSdkVersion < 4
android:uses-permission#android.permission.READ_PHONE_STATE
IMPLIED from src/main/AndroidManifest.xml:1:1-43:12 reason: ioio.lib.accessory has a targetSdkVersion < 4
android:uses-permission#android.permission.READ_EXTERNAL_STORAGE
IMPLIED from src/main/AndroidManifest.xml:1:1-43:12 reason: ioio.lib.accessory requested WRITE_EXTERNAL_STORAGE